c:\users\login\downloads\ja-projekt\ja projekt\lib\x64\release\lib.pch
c:\users\login\downloads\ja-projekt\ja projekt\lib\x64\release\vc143.pdb
c:\users\login\downloads\ja-projekt\ja projekt\lib\x64\release\pch.obj
c:\users\login\downloads\ja-projekt\ja projekt\lib\x64\release\dllmain.obj
c:\users\login\downloads\ja-projekt\ja projekt\ja projekt\bin\release\lib.lib
c:\users\login\downloads\ja-projekt\ja projekt\ja projekt\bin\release\lib.exp
c:\users\login\downloads\ja-projekt\ja projekt\ja projekt\bin\release\lib.dll
c:\users\login\downloads\ja-projekt\ja projekt\ja projekt\bin\release\lib.pdb
c:\users\login\downloads\ja-projekt\ja projekt\lib\x64\release\lib.iobj
c:\users\login\downloads\ja-projekt\ja projekt\lib\x64\release\ass.obj
c:\users\login\downloads\ja-projekt\ja projekt\lib\x64\release\lib.ipdb
c:\users\login\downloads\ja-projekt\ja projekt\lib\x64\release\lib.tlog\cl.command.1.tlog
c:\users\login\downloads\ja-projekt\ja projekt\lib\x64\release\lib.tlog\cl.items.tlog
c:\users\login\downloads\ja-projekt\ja projekt\lib\x64\release\lib.tlog\cl.read.1.tlog
c:\users\login\downloads\ja-projekt\ja projekt\lib\x64\release\lib.tlog\cl.write.1.tlog
c:\users\login\downloads\ja-projekt\ja projekt\lib\x64\release\lib.tlog\link.command.1.tlog
c:\users\login\downloads\ja-projekt\ja projekt\lib\x64\release\lib.tlog\link.read.1.tlog
c:\users\login\downloads\ja-projekt\ja projekt\lib\x64\release\lib.tlog\link.write.1.tlog
c:\users\login\downloads\ja-projekt\ja projekt\lib\x64\release\lib.tlog\link.write.2u.tlog
c:\users\login\downloads\ja-projekt\ja projekt\lib\x64\release\lib.tlog\masm.read.1u.tlog
c:\users\login\downloads\ja-projekt\ja projekt\lib\x64\release\lib.tlog\masm.write.1u.tlog
